A sample output: 

Case-based Search: 
Current initialState: [4, 1, 3, 0, 2, 6, 7, 5, 8]
Current goalState: [1, 2, 3, 4, 5, 6, 7, 8, 0]

Case retrieval step: 
Cases in casebase(initialState, goalState, similar score):
[2, 0, 3, 1, 5, 6, 4, 7, 8] [1, 2, 3, 4, 5, 6, 7, 8, 0] 8
[1, 2, 3, 0, 4, 6, 7, 5, 8] [1, 2, 3, 4, 5, 6, 7, 8, 0] 4
[1, 2, 3, 4, 5, 6, 7, 0, 8] [1, 2, 3, 4, 5, 6, 7, 8, 0] 4
[1, 0, 3, 5, 2, 6, 4, 7, 8] [1, 2, 3, 4, 5, 6, 7, 8, 0] 6
[1, 2, 3, 4, 8, 5, 7, 0, 6] [1, 2, 3, 4, 5, 6, 7, 8, 0] 8
[2, 8, 3, 1, 0, 5, 4, 7, 6] [1, 2, 3, 4, 5, 6, 7, 8, 0] 13
[1, 2, 3, 4, 5, 6, 0, 7, 8] [1, 2, 3, 4, 5, 6, 7, 8, 0] 5
[0, 2, 3, 1, 5, 6, 4, 7, 8] [1, 2, 3, 4, 5, 6, 7, 8, 0] 7
[1, 3, 0, 4, 2, 6, 7, 5, 8] [1, 2, 3, 4, 5, 6, 7, 8, 0] 3
[1, 3, 0, 4, 2, 5, 7, 8, 6] [1, 2, 3, 4, 5, 6, 7, 8, 0] 7
[0, 5, 3, 2, 1, 6, 4, 7, 8] [1, 2, 3, 4, 5, 6, 7, 8, 0] 7
[5, 1, 3, 2, 0, 6, 4, 7, 8] [1, 2, 3, 4, 5, 6, 7, 8, 0] 7
[2, 3, 8, 1, 6, 5, 4, 7, 0] [1, 2, 3, 4, 5, 6, 7, 8, 0] 13
[1, 2, 3, 5, 0, 6, 4, 7, 8] [1, 2, 3, 4, 5, 6, 7, 8, 0] 7
[0, 3, 6, 2, 1, 5, 4, 7, 8] [1, 2, 3, 4, 5, 6, 7, 8, 0] 9
[2, 6, 5, 4, 0, 3, 7, 1, 8] [1, 2, 3, 4, 5, 6, 7, 8, 0] 11
[3, 6, 0, 5, 7, 8, 2, 1, 4] [1, 2, 3, 4, 5, 6, 7, 8, 0] 17
[1, 5, 0, 2, 3, 8, 4, 6, 7] [1, 2, 3, 4, 5, 6, 7, 8, 0] 13
[2, 5, 3, 4, 0, 8, 6, 1, 7] [1, 2, 3, 4, 5, 6, 7, 8, 0] 13
[3, 8, 5, 1, 6, 7, 4, 2, 0] [1, 2, 3, 4, 5, 6, 7, 8, 0] 17
[2, 3, 6, 1, 5, 0, 4, 7, 8] [1, 2, 3, 4, 5, 6, 7, 8, 0] 10
[1, 2, 3, 4, 6, 0, 7, 5, 8] [1, 2, 3, 4, 5, 6, 7, 8, 0] 4
[1, 0, 3, 4, 2, 6, 7, 5, 8] [1, 2, 3, 4, 5, 6, 7, 8, 0] 2
[1, 3, 0, 5, 2, 6, 4, 7, 8] [1, 2, 3, 4, 5, 6, 7, 8, 0] 7
[1, 2, 3, 4, 8, 5, 0, 7, 6] [1, 2, 3, 4, 5, 6, 7, 8, 0] 9
[4, 1, 2, 7, 0, 3, 8, 5, 6] [1, 2, 3, 4, 5, 6, 7, 8, 0] 7

The similar prior case is: 
Initial State: [1, 0, 3, 4, 2, 6, 7, 5, 8]
Goal State: [1, 2, 3, 4, 5, 6, 7, 8, 0]
Similar score: 2

Case adaptation: 
Path from new initialState to old initialState: 
Total number of runs= 3
Path Cost= 2
Game State:  0
4   1   3
    2   6
7   5   8 

Game State:  1
    1   3
4   2   6
7   5   8 

Game State:  2
1       3
4   2   6
7   5   8 


Path from old goalState to new goalState
Total number of runs= 0
Path Cost= 0
Game State:  0
1   2   3
4   5   6
7   8     


The whole solution for new case: 
Total number of runs= 3
Path Cost= 7
Game State:  0
4   1   3
    2   6
7   5   8 

Game State:  1
    1   3
4   2   6
7   5   8 

Game State:  2
1       3
4   2   6
7   5   8 

Game State:  3
1   3    
4   2   6
7   5   8 

Game State:  4
1       3
4   2   6
7   5   8 

Game State:  5
1   2   3
4       6
7   5   8 

Game State:  6
1   2   3
4   5   6
7       8 

Game State:  7
1   2   3
4   5   6
7   8     

Time taken for Case-based Search:  0.0162298679352  Seconds

Case-based Search: 
Current initialState: [0, 2, 3, 1, 4, 5, 7, 8, 6]
Current goalState: [1, 2, 3, 4, 5, 6, 7, 8, 0]

Case retrieval step: 
Cases in casebase(initialState, goalState, similar score):
[2, 0, 3, 1, 5, 6, 4, 7, 8] [1, 2, 3, 4, 5, 6, 7, 8, 0] 7
[1, 2, 3, 0, 4, 6, 7, 5, 8] [1, 2, 3, 4, 5, 6, 7, 8, 0] 5
[1, 2, 3, 4, 5, 6, 7, 0, 8] [1, 2, 3, 4, 5, 6, 7, 8, 0] 5
[1, 0, 3, 5, 2, 6, 4, 7, 8] [1, 2, 3, 4, 5, 6, 7, 8, 0] 9
[1, 2, 3, 4, 8, 5, 7, 0, 6] [1, 2, 3, 4, 5, 6, 7, 8, 0] 3
[2, 8, 3, 1, 0, 5, 4, 7, 6] [1, 2, 3, 4, 5, 6, 7, 8, 0] 6
[1, 2, 3, 4, 5, 6, 0, 7, 8] [1, 2, 3, 4, 5, 6, 7, 8, 0] 6
[0, 2, 3, 1, 5, 6, 4, 7, 8] [1, 2, 3, 4, 5, 6, 7, 8, 0] 6
[1, 3, 0, 4, 2, 6, 7, 5, 8] [1, 2, 3, 4, 5, 6, 7, 8, 0] 8
[1, 3, 0, 4, 2, 5, 7, 8, 6] [1, 2, 3, 4, 5, 6, 7, 8, 0] 4
[0, 5, 3, 2, 1, 6, 4, 7, 8] [1, 2, 3, 4, 5, 6, 7, 8, 0] 10
[5, 1, 3, 2, 0, 6, 4, 7, 8] [1, 2, 3, 4, 5, 6, 7, 8, 0] 12
[2, 3, 8, 1, 6, 5, 4, 7, 0] [1, 2, 3, 4, 5, 6, 7, 8, 0] 10
[1, 2, 3, 5, 0, 6, 4, 7, 8] [1, 2, 3, 4, 5, 6, 7, 8, 0] 8
[0, 3, 6, 2, 1, 5, 4, 7, 8] [1, 2, 3, 4, 5, 6, 7, 8, 0] 10
[2, 6, 5, 4, 0, 3, 7, 1, 8] [1, 2, 3, 4, 5, 6, 7, 8, 0] 10
[3, 6, 0, 5, 7, 8, 2, 1, 4] [1, 2, 3, 4, 5, 6, 7, 8, 0] 18
[1, 5, 0, 2, 3, 8, 4, 6, 7] [1, 2, 3, 4, 5, 6, 7, 8, 0] 14
[2, 5, 3, 4, 0, 8, 6, 1, 7] [1, 2, 3, 4, 5, 6, 7, 8, 0] 12
[3, 8, 5, 1, 6, 7, 4, 2, 0] [1, 2, 3, 4, 5, 6, 7, 8, 0] 14
[2, 3, 6, 1, 5, 0, 4, 7, 8] [1, 2, 3, 4, 5, 6, 7, 8, 0] 9
[1, 2, 3, 4, 6, 0, 7, 5, 8] [1, 2, 3, 4, 5, 6, 7, 8, 0] 7
[1, 0, 3, 4, 2, 6, 7, 5, 8] [1, 2, 3, 4, 5, 6, 7, 8, 0] 7
[1, 3, 0, 5, 2, 6, 4, 7, 8] [1, 2, 3, 4, 5, 6, 7, 8, 0] 10
[1, 2, 3, 4, 8, 5, 0, 7, 6] [1, 2, 3, 4, 5, 6, 7, 8, 0] 4
[4, 1, 2, 7, 0, 3, 8, 5, 6] [1, 2, 3, 4, 5, 6, 7, 8, 0] 10
[4, 1, 3, 0, 2, 6, 7, 5, 8] [1, 2, 3, 4, 5, 6, 7, 8, 0] 9
[0, 2, 3, 1, 5, 6, 4, 7, 8] [1, 2, 3, 4, 5, 6, 7, 8, 0] 6

The similar prior case is: 
Initial State: [1, 2, 3, 4, 8, 5, 7, 0, 6]
Goal State: [1, 2, 3, 4, 5, 6, 7, 8, 0]
Similar score: 3

Case adaptation: 
Path from new initialState to old initialState: 
Total number of runs= 4
Path Cost= 3
Game State:  0
    2   3
1   4   5
7   8   6 

Game State:  1
1   2   3
    4   5
7   8   6 

Game State:  2
1   2   3
4       5
7   8   6 

Game State:  3
1   2   3
4   8   5
7       6 


Path from old goalState to new goalState
Total number of runs= 0
Path Cost= 0
Game State:  0
1   2   3
4   5   6
7   8     


The whole solution for new case: 
Total number of runs= 4
Path Cost= 6
Game State:  0
    2   3
1   4   5
7   8   6 

Game State:  1
1   2   3
    4   5
7   8   6 

Game State:  2
1   2   3
4       5
7   8   6 

Game State:  3
1   2   3
4   8   5
7       6 

Game State:  4
1   2   3
4       5
7   8   6 

Game State:  5
1   2   3
4   5    
7   8   6 

Game State:  6
1   2   3
4   5   6
7   8     

Time taken for Case-based Search:  0.0381889343262  Seconds

Case-based Search: 
Current initialState: [3, 8, 5, 1, 6, 0, 4, 2, 7]
Current goalState: [1, 2, 3, 4, 5, 6, 7, 8, 0]

Case retrieval step: 
Cases in casebase(initialState, goalState, similar score):
[2, 0, 3, 1, 5, 6, 4, 7, 8] [1, 2, 3, 4, 5, 6, 7, 8, 0] 12
[1, 2, 3, 0, 4, 6, 7, 5, 8] [1, 2, 3, 4, 5, 6, 7, 8, 0] 16
[1, 2, 3, 4, 5, 6, 7, 0, 8] [1, 2, 3, 4, 5, 6, 7, 8, 0] 14
[1, 0, 3, 5, 2, 6, 4, 7, 8] [1, 2, 3, 4, 5, 6, 7, 8, 0] 12
[1, 2, 3, 4, 8, 5, 7, 0, 6] [1, 2, 3, 4, 5, 6, 7, 8, 0] 12
[2, 8, 3, 1, 0, 5, 4, 7, 6] [1, 2, 3, 4, 5, 6, 7, 8, 0] 9
[1, 2, 3, 4, 5, 6, 0, 7, 8] [1, 2, 3, 4, 5, 6, 7, 8, 0] 13
[0, 2, 3, 1, 5, 6, 4, 7, 8] [1, 2, 3, 4, 5, 6, 7, 8, 0] 11
[1, 3, 0, 4, 2, 6, 7, 5, 8] [1, 2, 3, 4, 5, 6, 7, 8, 0] 13
[1, 3, 0, 4, 2, 5, 7, 8, 6] [1, 2, 3, 4, 5, 6, 7, 8, 0] 11
[0, 5, 3, 2, 1, 6, 4, 7, 8] [1, 2, 3, 4, 5, 6, 7, 8, 0] 11
[5, 1, 3, 2, 0, 6, 4, 7, 8] [1, 2, 3, 4, 5, 6, 7, 8, 0] 13
[2, 3, 8, 1, 6, 5, 4, 7, 0] [1, 2, 3, 4, 5, 6, 7, 8, 0] 7
[1, 2, 3, 5, 0, 6, 4, 7, 8] [1, 2, 3, 4, 5, 6, 7, 8, 0] 13
[0, 3, 6, 2, 1, 5, 4, 7, 8] [1, 2, 3, 4, 5, 6, 7, 8, 0] 11
[2, 6, 5, 4, 0, 3, 7, 1, 8] [1, 2, 3, 4, 5, 6, 7, 8, 0] 15
[3, 6, 0, 5, 7, 8, 2, 1, 4] [1, 2, 3, 4, 5, 6, 7, 8, 0] 13
[1, 5, 0, 2, 3, 8, 4, 6, 7] [1, 2, 3, 4, 5, 6, 7, 8, 0] 9
[2, 5, 3, 4, 0, 8, 6, 1, 7] [1, 2, 3, 4, 5, 6, 7, 8, 0] 13
[3, 8, 5, 1, 6, 7, 4, 2, 0] [1, 2, 3, 4, 5, 6, 7, 8, 0] 1
[2, 3, 6, 1, 5, 0, 4, 7, 8] [1, 2, 3, 4, 5, 6, 7, 8, 0] 12
[1, 2, 3, 4, 6, 0, 7, 5, 8] [1, 2, 3, 4, 5, 6, 7, 8, 0] 14
[1, 0, 3, 4, 2, 6, 7, 5, 8] [1, 2, 3, 4, 5, 6, 7, 8, 0] 14
[1, 3, 0, 5, 2, 6, 4, 7, 8] [1, 2, 3, 4, 5, 6, 7, 8, 0] 11
[1, 2, 3, 4, 8, 5, 0, 7, 6] [1, 2, 3, 4, 5, 6, 7, 8, 0] 11
[4, 1, 2, 7, 0, 3, 8, 5, 6] [1, 2, 3, 4, 5, 6, 7, 8, 0] 21
[4, 1, 3, 0, 2, 6, 7, 5, 8] [1, 2, 3, 4, 5, 6, 7, 8, 0] 16
[0, 2, 3, 1, 5, 6, 4, 7, 8] [1, 2, 3, 4, 5, 6, 7, 8, 0] 11
[0, 2, 3, 1, 4, 5, 7, 8, 6] [1, 2, 3, 4, 5, 6, 7, 8, 0] 13
[2, 0, 3, 1, 4, 6, 7, 5, 8] [1, 2, 3, 4, 5, 6, 7, 8, 0] 16
[2, 6, 5, 4, 3, 0, 7, 1, 8] [1, 2, 3, 4, 5, 6, 7, 8, 0] 14
[3, 0, 6, 5, 7, 8, 2, 1, 4] [1, 2, 3, 4, 5, 6, 7, 8, 0] 14
[1, 5, 8, 2, 3, 0, 4, 6, 7] [1, 2, 3, 4, 5, 6, 7, 8, 0] 8
[2, 5, 3, 0, 4, 8, 6, 1, 7] [1, 2, 3, 4, 5, 6, 7, 8, 0] 14

The similar prior case is: 
Initial State: [3, 8, 5, 1, 6, 7, 4, 2, 0]
Goal State: [1, 2, 3, 4, 5, 6, 7, 8, 0]
Similar score: 1

Case adaptation: 
Path from new initialState to old initialState: 
Total number of runs= 2
Path Cost= 1
Game State:  0
3   8   5
1   6    
4   2   7 

Game State:  1
3   8   5
1   6   7
4   2     


Path from old goalState to new goalState
Total number of runs= 0
Path Cost= 0
Game State:  0
1   2   3
4   5   6
7   8     


The whole solution for new case: 
Total number of runs= 2
Path Cost= 19
Game State:  0
3   8   5
1   6    
4   2   7 

Game State:  1
3   8   5
1   6   7
4   2     

Game State:  2
3   8   5
1   6    
4   2   7 

Game State:  3
3   8   5
1       6
4   2   7 

Game State:  4
3       5
1   8   6
4   2   7 

Game State:  5
    3   5
1   8   6
4   2   7 

Game State:  6
1   3   5
    8   6
4   2   7 

Game State:  7
1   3   5
8       6
4   2   7 

Game State:  8
1   3   5
8   2   6
4       7 

Game State:  9
1   3   5
8   2   6
4   7     

Game State:  10
1   3   5
8   2    
4   7   6 

Game State:  11
1   3    
8   2   5
4   7   6 

Game State:  12
1       3
8   2   5
4   7   6 

Game State:  13
1   2   3
8       5
4   7   6 

Game State:  14
1   2   3
    8   5
4   7   6 

Game State:  15
1   2   3
4   8   5
    7   6 

Game State:  16
1   2   3
4   8   5
7       6 

Game State:  17
1   2   3
4       5
7   8   6 

Game State:  18
1   2   3
4   5    
7   8   6 

Game State:  19
1   2   3
4   5   6
7   8     

Time taken for Case-based Search:  0.146698951721  Seconds