This is pdfTeX, Version 3.1415926-2.5-1.40.14 (TeX Live 2013) (format=pdflatex 2013.5.30)  21 NOV 2013 12:51
entering extended mode
 restricted \write18 enabled.
 file:line:error style messages enabled.
 %&-line parsing enabled.
**hw5.tex
(./hw5.tex
LaTeX2e <2011/06/27>
Babel <3.9f> and hyphenation patterns for 78 languages loaded.
(/usr/local/texlive/2013/texmf-dist/tex/latex/base/article.cls
Document Class: article 2007/10/19 v1.4h Standard LaTeX document class
(/usr/local/texlive/2013/texmf-dist/tex/latex/base/size12.clo
File: size12.clo 2007/10/19 v1.4h Standard LaTeX file (size option)
)
\c@part=\count79
\c@section=\count80
\c@subsection=\count81
\c@subsubsection=\count82
\c@paragraph=\count83
\c@subparagraph=\count84
\c@figure=\count85
\c@table=\count86
\abovecaptionskip=\skip41
\belowcaptionskip=\skip42
\bibindent=\dimen102
)
(/usr/local/texlive/2013/texmf-dist/tex/latex/amsmath/amsmath.sty
Package: amsmath 2013/01/14 v2.14 AMS math features
\@mathmargin=\skip43

For additional information on amsmath, use the `?' option.
(/usr/local/texlive/2013/texmf-dist/tex/latex/amsmath/amstext.sty
Package: amstext 2000/06/29 v2.01

(/usr/local/texlive/2013/texmf-dist/tex/latex/amsmath/amsgen.sty
File: amsgen.sty 1999/11/30 v2.0
\@emptytoks=\toks14
\ex@=\dimen103
))
(/usr/local/texlive/2013/texmf-dist/tex/latex/amsmath/amsbsy.sty
Package: amsbsy 1999/11/29 v1.2d
\pmbraise@=\dimen104
)
(/usr/local/texlive/2013/texmf-dist/tex/latex/amsmath/amsopn.sty
Package: amsopn 1999/12/14 v2.01 operator names
)
\inf@bad=\count87
LaTeX Info: Redefining \frac on input line 210.
\uproot@=\count88
\leftroot@=\count89
LaTeX Info: Redefining \overline on input line 306.
\classnum@=\count90
\DOTSCASE@=\count91
LaTeX Info: Redefining \ldots on input line 378.
LaTeX Info: Redefining \dots on input line 381.
LaTeX Info: Redefining \cdots on input line 466.
\Mathstrutbox@=\box26
\strutbox@=\box27
\big@size=\dimen105
LaTeX Font Info:    Redeclaring font encoding OML on input line 566.
LaTeX Font Info:    Redeclaring font encoding OMS on input line 567.
\macc@depth=\count92
\c@MaxMatrixCols=\count93
\dotsspace@=\muskip10
\c@parentequation=\count94
\dspbrk@lvl=\count95
\tag@help=\toks15
\row@=\count96
\column@=\count97
\maxfields@=\count98
\andhelp@=\toks16
\eqnshift@=\dimen106
\alignsep@=\dimen107
\tagshift@=\dimen108
\tagwidth@=\dimen109
\totwidth@=\dimen110
\lineht@=\dimen111
\@envbody=\toks17
\multlinegap=\skip44
\multlinetaggap=\skip45
\mathdisplay@stack=\toks18
LaTeX Info: Redefining \[ on input line 2665.
LaTeX Info: Redefining \] on input line 2666.
)
(/usr/local/texlive/2013/texmf-dist/tex/latex/amscls/amsthm.sty
Package: amsthm 2004/08/06 v2.20
\thm@style=\toks19
\thm@bodyfont=\toks20
\thm@headfont=\toks21
\thm@notefont=\toks22
\thm@headpunct=\toks23
\thm@preskip=\skip46
\thm@postskip=\skip47
\thm@headsep=\skip48
\dth@everypar=\toks24
)
(/usr/local/texlive/2013/texmf-dist/tex/latex/amsfonts/amssymb.sty
Package: amssymb 2013/01/14 v3.01 AMS font symbols

(/usr/local/texlive/2013/texmf-dist/tex/latex/amsfonts/amsfonts.sty
Package: amsfonts 2013/01/14 v3.01 Basic AMSFonts support
\symAMSa=\mathgroup4
\symAMSb=\mathgroup5
LaTeX Font Info:    Overwriting math alphabet `\mathfrak' in version `bold'
(Font)                  U/euf/m/n --> U/euf/b/n on input line 106.
))
(/usr/local/texlive/2013/texmf-dist/tex/latex/booktabs/booktabs.sty
Package: booktabs 2005/04/14 v1.61803 publication quality tables
\heavyrulewidth=\dimen112
\lightrulewidth=\dimen113
\cmidrulewidth=\dimen114
\belowrulesep=\dimen115
\belowbottomsep=\dimen116
\aboverulesep=\dimen117
\abovetopsep=\dimen118
\cmidrulesep=\dimen119
\cmidrulekern=\dimen120
\defaultaddspace=\dimen121
\@cmidla=\count99
\@cmidlb=\count100
\@aboverulesep=\dimen122
\@belowrulesep=\dimen123
\@thisruleclass=\count101
\@lastruleclass=\count102
\@thisrulewidth=\dimen124
) (./hw5.aux)
\openout1 = `hw5.aux'.

LaTeX Font Info:    Checking defaults for OML/cmm/m/it on input line 5.
LaTeX Font Info:    ... okay on input line 5.
LaTeX Font Info:    Checking defaults for T1/cmr/m/n on input line 5.
LaTeX Font Info:    ... okay on input line 5.
LaTeX Font Info:    Checking defaults for OT1/cmr/m/n on input line 5.
LaTeX Font Info:    ... okay on input line 5.
LaTeX Font Info:    Checking defaults for OMS/cmsy/m/n on input line 5.
LaTeX Font Info:    ... okay on input line 5.
LaTeX Font Info:    Checking defaults for OMX/cmex/m/n on input line 5.
LaTeX Font Info:    ... okay on input line 5.
LaTeX Font Info:    Checking defaults for U/cmr/m/n on input line 5.
LaTeX Font Info:    ... okay on input line 5.
LaTeX Font Info:    Try loading font information for U+msa on input line 9.
 (/usr/local/texlive/2013/texmf-dist/tex/latex/amsfonts/umsa.fd
File: umsa.fd 2013/01/14 v3.01 AMS symbols A
)
LaTeX Font Info:    Try loading font information for U+msb on input line 9.

(/usr/local/texlive/2013/texmf-dist/tex/latex/amsfonts/umsb.fd
File: umsb.fd 2013/01/14 v3.01 AMS symbols B
)
Overfull \hbox (24.8061pt too wide) in paragraph at lines 13--22
\OMS/cmsy/m/n/12 9\OML/cmm/m/it/12 x Occupation\OT1/cmr/m/n/12 (\OML/cmm/m/it/1
2 x; Lawyer\OT1/cmr/m/n/12 ) \OMS/cmsy/m/n/12 ^ \OT1/cmr/m/n/12 (\OMS/cmsy/m/n/
12 8\OML/cmm/m/it/12 y Customer\OT1/cmr/m/n/12 (\OML/cmm/m/it/12 y; x\OT1/cmr/m
/n/12 ) \OMS/cmsy/m/n/12 ! \OML/cmm/m/it/12 Occupation\OT1/cmr/m/n/12 (\OML/cmm
/m/it/12 y; Doctor\OT1/cmr/m/n/12 ))$. 
 []

LaTeX Font Info:    Try loading font information for OMS+cmr on input line 24.
(/usr/local/texlive/2013/texmf-dist/tex/latex/base/omscmr.fd
File: omscmr.fd 1999/05/25 v2.5h Standard LaTeX font definitions
)
LaTeX Font Info:    Font shape `OMS/cmr/m/n' in size <12> not available
(Font)              Font shape `OMS/cmsy/m/n' tried instead on input line 24.

Overfull \hbox (7.46895pt too wide) in paragraph at lines 29--35
\OMS/cmsy/m/n/12 8\OML/cmm/m/it/12 s; t Take\OT1/cmr/m/n/12 (\OML/cmm/m/it/12 s
; French; t\OT1/cmr/m/n/12 ) \OMS/cmsy/m/n/12 ! 9\OML/cmm/m/it/12 s[]Score\OT1/
cmr/m/n/12 (\OML/cmm/m/it/12 s[]; Greek; t\OT1/cmr/m/n/12 ) \OML/cmm/m/it/12 > 
Score\OT1/cmr/m/n/12 (\OML/cmm/m/it/12 s; French; t\OT1/cmr/m/n/12 )$. 
 []

[1

{/usr/local/texlive/2013/texmf-var/fonts/map/pdftex/updmap/pdftex.map}]
[2]
Overfull \hbox (11.553pt too wide) in paragraph at lines 81--112
\OML/cmm/m/it/12 At\OT1/cmr/m/n/12 (\OML/cmm/m/it/12 Monkey; A\OT1/cmr/m/n/12 )
 \OMS/cmsy/m/n/12 ^ \OML/cmm/m/it/12 At\OT1/cmr/m/n/12 (\OML/cmm/m/it/12 Banana
s; B\OT1/cmr/m/n/12 ) \OMS/cmsy/m/n/12 ^ \OML/cmm/m/it/12 At\OT1/cmr/m/n/12 (\O
ML/cmm/m/it/12 Box; C\OT1/cmr/m/n/12 ) \OMS/cmsy/m/n/12 ^ \OML/cmm/m/it/12 Heig
ht\OT1/cmr/m/n/12 (\OML/cmm/m/it/12 Monkey; Low\OT1/cmr/m/n/12 ) \OMS/cmsy/m/n/
12 ^
 []


Overfull \hbox (57.09741pt too wide) in paragraph at lines 81--112
\OML/cmm/m/it/12 Height\OT1/cmr/m/n/12 (\OML/cmm/m/it/12 Bananas; High\OT1/cmr/
m/n/12 ) \OMS/cmsy/m/n/12 ^ \OML/cmm/m/it/12 Height\OT1/cmr/m/n/12 (\OML/cmm/m/
it/12 Box; Low\OT1/cmr/m/n/12 ) \OMS/cmsy/m/n/12 ^ \OML/cmm/m/it/12 Pushable\OT
1/cmr/m/n/12 (\OML/cmm/m/it/12 Box\OT1/cmr/m/n/12 ) \OMS/cmsy/m/n/12 ^ \OML/cmm
/m/it/12 Climbable\OT1/cmr/m/n/12 (\OML/cmm/m/it/12 Box\OT1/cmr/m/n/12 ) \OMS/c
msy/m/n/12 ^
 []


Underfull \hbox (badness 10000) in paragraph at lines 81--112

 []


Underfull \hbox (badness 10000) in paragraph at lines 81--112

 []


Overfull \hbox (18.23482pt too wide) in paragraph at lines 81--112
\OML/cmm/m/it/12 Precond \OT1/cmr/m/n/12 : \OML/cmm/m/it/12 At\OT1/cmr/m/n/12 (
\OML/cmm/m/it/12 Monkey; x\OT1/cmr/m/n/12 ) \OMS/cmsy/m/n/12 ^ \OML/cmm/m/it/12
 At\OT1/cmr/m/n/12 (\OML/cmm/m/it/12 b; x\OT1/cmr/m/n/12 ) \OMS/cmsy/m/n/12 ^ \
OML/cmm/m/it/12 Climbable\OT1/cmr/m/n/12 (\OML/cmm/m/it/12 b\OT1/cmr/m/n/12 ) \
OMS/cmsy/m/n/12 ^ \OML/cmm/m/it/12 Height\OT1/cmr/m/n/12 (\OML/cmm/m/it/12 Monk
ey; Low\OT1/cmr/m/n/12 )$ 
 []


Underfull \hbox (badness 10000) in paragraph at lines 81--112

 []


Underfull \hbox (badness 10000) in paragraph at lines 81--112

 []


Overfull \hbox (23.53699pt too wide) in paragraph at lines 81--112
\OML/cmm/m/it/12 Precond \OT1/cmr/m/n/12 : \OML/cmm/m/it/12 At\OT1/cmr/m/n/12 (
\OML/cmm/m/it/12 Monkey; x\OT1/cmr/m/n/12 ) \OMS/cmsy/m/n/12 ^ \OML/cmm/m/it/12
 At\OT1/cmr/m/n/12 (\OML/cmm/m/it/12 b; x\OT1/cmr/m/n/12 ) \OMS/cmsy/m/n/12 ^ \
OML/cmm/m/it/12 Height\OT1/cmr/m/n/12 (\OML/cmm/m/it/12 Monkey; High\OT1/cmr/m/
n/12 ) \OMS/cmsy/m/n/12 ^ \OML/cmm/m/it/12 Graspable\OT1/cmr/m/n/12 (\OML/cmm/m
/it/12 b\OT1/cmr/m/n/12 )$ 
 []


Underfull \hbox (badness 10000) in paragraph at lines 81--112

 []

[3] [4] [5] (./hw5.aux) ) 
Here is how much of TeX's memory you used:
 1275 strings out of 493315
 14577 string characters out of 6137904
 71911 words of memory out of 5000000
 4756 multiletter control sequences out of 15000+600000
 12096 words of font info for 47 fonts, out of 8000000 for 9000
 957 hyphenation exceptions out of 8191
 27i,10n,26p,506b,290s stack positions out of 5000i,500n,10000p,200000b,80000s
</usr/local/texlive/2013/texmf-dist/fonts/type1/public
/amsfonts/cm/cmbx12.pfb></usr/local/texlive/2013/texmf-dist/fonts/type1/public/
amsfonts/cm/cmmi12.pfb></usr/local/texlive/2013/texmf-dist/fonts/type1/public/a
msfonts/cm/cmmi8.pfb></usr/local/texlive/2013/texmf-dist/fonts/type1/public/ams
fonts/cm/cmr12.pfb></usr/local/texlive/2013/texmf-dist/fonts/type1/public/amsfo
nts/cm/cmr17.pfb></usr/local/texlive/2013/texmf-dist/fonts/type1/public/amsfont
s/cm/cmr8.pfb></usr/local/texlive/2013/texmf-dist/fonts/type1/public/amsfonts/c
m/cmsy10.pfb></usr/local/texlive/2013/texmf-dist/fonts/type1/public/amsfonts/cm
/cmsy8.pfb>
Output written on hw5.pdf (5 pages, 103757 bytes).
PDF statistics:
 52 PDF objects out of 1000 (max. 8388607)
 36 compressed objects within 1 object stream
 0 named destinations out of 1000 (max. 500000)
 1 words of extra memory for PDF output out of 10000 (max. 10000000)

